  text.cpp
E:\2023_code\study\c++_study\list模拟实现\list模拟实现\list.h(135,10): error C2365: “lt::list<T>::size”: 重定义；以前的定义是“成员函数”
  (编译源文件“text.cpp”)
  E:\2023_code\study\c++_study\list模拟实现\list模拟实现\list.h(128,10):
  参见“lt::list<T>::size”的声明
  E:\2023_code\study\c++_study\list模拟实现\list模拟实现\list.h(135,10):
  模板实例化上下文(最早的实例化上下文)为
  	E:\2023_code\study\c++_study\list模拟实现\list模拟实现\list.h(53,8):
  	在编译类模板“lt::list”时
  
E:\2023_code\study\c++_study\list模拟实现\list模拟实现\list.h(102,18): error C3861: “newnode”: 找不到标识符
  (编译源文件“text.cpp”)
  
E:\2023_code\study\c++_study\list模拟实现\list模拟实现\list.h(103,4): error C3861: “newnode”: 找不到标识符
  (编译源文件“text.cpp”)
  
E:\2023_code\study\c++_study\list模拟实现\list模拟实现\list.h(105,4): error C3861: “newnode”: 找不到标识符
  (编译源文件“text.cpp”)
  
E:\2023_code\study\c++_study\list模拟实现\list模拟实现\list.h(106,17): error C3861: “newnode”: 找不到标识符
  (编译源文件“text.cpp”)
  
E:\2023_code\study\c++_study\list模拟实现\list模拟实现\list.h(108,6): error C2065: “_size”: 未声明的标识符
  (编译源文件“text.cpp”)
  
E:\2023_code\study\c++_study\list模拟实现\list模拟实现\list.h(108,6): error C3861: “_size”: 找不到标识符
  (编译源文件“text.cpp”)
  
E:\2023_code\study\c++_study\list模拟实现\list模拟实现\list.h(110,20): error C3861: “newnode”: 找不到标识符
  (编译源文件“text.cpp”)
  
E:\2023_code\study\c++_study\list模拟实现\list模拟实现\list.h(102,18): error C2065: “newnode”: 未声明的标识符
  (编译源文件“text.cpp”)
  
E:\2023_code\study\c++_study\list模拟实现\list模拟实现\list.h(103,4): error C2065: “newnode”: 未声明的标识符
  (编译源文件“text.cpp”)
  
E:\2023_code\study\c++_study\list模拟实现\list模拟实现\list.h(105,4): error C2065: “newnode”: 未声明的标识符
  (编译源文件“text.cpp”)
  
E:\2023_code\study\c++_study\list模拟实现\list模拟实现\list.h(106,17): error C2065: “newnode”: 未声明的标识符
  (编译源文件“text.cpp”)
  
E:\2023_code\study\c++_study\list模拟实现\list模拟实现\list.h(110,20): error C2065: “newnode”: 未声明的标识符
  (编译源文件“text.cpp”)
  
E:\2023_code\study\c++_study\list模拟实现\list模拟实现\list.h(123,6): error C2065: “_size”: 未声明的标识符
  (编译源文件“text.cpp”)
  
E:\2023_code\study\c++_study\list模拟实现\list模拟实现\list.h(123,6): error C3861: “_size”: 找不到标识符
  (编译源文件“text.cpp”)
  
E:\2023_code\study\c++_study\list模拟实现\list模拟实现\list.h(130,11): error C3861: “_size”: 找不到标识符
  (编译源文件“text.cpp”)
  
E:\2023_code\study\c++_study\list模拟实现\list模拟实现\list.h(130,11): error C2065: “_size”: 未声明的标识符
  (编译源文件“text.cpp”)
  
E:\2023_code\study\c++_study\list模拟实现\list模拟实现\list.h(135,10): error C2365: “lt::list<int>::size”: 重定义；以前的定义是“成员函数”
  (编译源文件“text.cpp”)
  E:\2023_code\study\c++_study\list模拟实现\list模拟实现\list.h(128,10):
  参见“lt::list<int>::size”的声明
  E:\2023_code\study\c++_study\list模拟实现\list模拟实现\list.h(135,10):
  模板实例化上下文(最早的实例化上下文)为
  	E:\2023_code\study\c++_study\list模拟实现\list模拟实现\text.cpp(11,16):
  	查看对正在编译的 类 模板 实例化“lt::list<int>”的引用
  
