  text.cpp
E:\2023_code\study\c++_study\stack_queue_priority\stack_queue_priority\priority_queue.h(55,13): warning C4267: “初始化”: 从“size_t”转换到“int”，可能丢失数据
  (编译源文件“text.cpp”)
  E:\2023_code\study\c++_study\stack_queue_priority\stack_queue_priority\priority_queue.h(55,13):
  模板实例化上下文(最早的实例化上下文)为
  	E:\2023_code\study\c++_study\stack_queue_priority\stack_queue_priority\text.cpp(58,59):
  	查看对正在编译的 类 模板 实例化“priority::priority_queue<int,std::vector<int,std::allocator<int>>,Greater<int>>”的引用
  	E:\2023_code\study\c++_study\stack_queue_priority\stack_queue_priority\priority_queue.h(52,8):
  	在编译 类 模板 成员函数“void priority::priority_queue<int,std::vector<int,std::allocator<int>>,Greater<int>>::adjust_down(int)”时
  		E:\2023_code\study\c++_study\stack_queue_priority\stack_queue_priority\priority_queue.h(89,15):
  		请参阅 "priority::priority_queue<int,std::vector<int,std::allocator<int>>,Greater<int>>::pop" 中对 "priority::priority_queue<int,std::vector<int,std::allocator<int>>,Greater<int>>::adjust_down" 的第一个引用
  		E:\2023_code\study\c++_study\stack_queue_priority\stack_queue_priority\text.cpp(68,8):
  		请参阅 "main" 中对 "priority::priority_queue<int,std::vector<int,std::allocator<int>>,Greater<int>>::pop" 的第一个引用
  
E:\2023_code\study\c++_study\stack_queue_priority\stack_queue_priority\priority_queue.h(19,15): warning C4267: “初始化”: 从“size_t”转换到“int”，可能丢失数据
  (编译源文件“text.cpp”)
  E:\2023_code\study\c++_study\stack_queue_priority\stack_queue_priority\priority_queue.h(19,15):
  模板实例化上下文(最早的实例化上下文)为
  	E:\2023_code\study\c++_study\stack_queue_priority\stack_queue_priority\text.cpp(58,60):
  	查看对正在编译的函数 模板 实例化“priority::priority_queue<int,std::vector<int,std::allocator<int>>,Greater<int>>::priority_queue<std::_Vector_iterator<std::_Vector_val<std::_Simple_types<_Ty>>>>(InputIterator,InputIterator)”的引用
          with
          [
              _Ty=int,
              InputIterator=std::_Vector_iterator<std::_Vector_val<std::_Simple_types<int>>>
          ]
  		E:\2023_code\study\c++_study\stack_queue_priority\stack_queue_priority\text.cpp(58,60):
  		请参阅 "main" 中对 "priority::priority_queue<int,std::vector<int,std::allocator<int>>,Greater<int>>::priority_queue" 的第一个引用
  
  stack_queue_priority.vcxproj -> E:\2023_code\study\c++_study\stack_queue_priority\x64\Debug\stack_queue_priority.exe
